Unity Editor version:    2020.3.26f1 (7298b473bc1a)
Branch:                  2020.3/staging
Build type:              Release
Batch mode:              YES
macOS version:           Version 10.15.7 (Build 19H1713)
Darwin version:          19.6.0
Architecture:            x86_64
Running under Rosetta:   NO
Available memory:        16384 MB
Using pre-set license
Pro License: NO

COMMAND LINE ARGUMENTS:
/Applications/Unity/Hub/Editor/2020.3.26f1/Unity.app/Contents/MacOS/Unity
-adb2
-batchMode
-noUpm
-name
AssetImportWorker0
-projectPath
/Users/andrewpogorelov/Documents/Games/NSD Project
-logFile
Logs/AssetImportWorker0.log
-srvPort
49903
Successfully changed project path to: /Users/andrewpogorelov/Documents/Games/NSD Project
/Users/andrewpogorelov/Documents/Games/NSD Project
Using Asset Import Pipeline V2.
Refreshing native plugins compatible for Editor in 39.60 ms, found 3 plugins.
Preloading 0 native plugins for Editor in 0.00 ms.
Initialize engine version: 2020.3.26f1 (7298b473bc1a)
[Subsystems] Discovering subsystems at path /Applications/Unity/Hub/Editor/2020.3.26f1/Unity.app/Contents/Resources/UnitySubsystems
[Subsystems] Discovering subsystems at path /Users/andrewpogorelov/Documents/Games/NSD Project/Assets
GfxDevice: creating device client; threaded=0
2022-07-02 19:07:20.752 Unity[1692:20491] Color LCD preferred device: AMD Radeon Pro 5500M (high power)
2022-07-02 19:07:20.752 Unity[1692:20491] Metal devices available: 2
2022-07-02 19:07:20.752 Unity[1692:20491] 0: AMD Radeon Pro 5500M (high power)
2022-07-02 19:07:20.752 Unity[1692:20491] 1: Intel(R) UHD Graphics 630 (low power)
2022-07-02 19:07:20.753 Unity[1692:20491] Using device AMD Radeon Pro 5500M (high power)
Initializing Metal device caps: AMD Radeon Pro 5500M
Initialize mono
Mono path[0] = '/Applications/Unity/Hub/Editor/2020.3.26f1/Unity.app/Contents/Managed'
Mono path[1] = '/Applications/Unity/Hub/Editor/2020.3.26f1/Unity.app/Contents/MonoBleedingEdge/lib/mono/unityjit'
Mono config path = '/Applications/Unity/Hub/Editor/2020.3.26f1/Unity.app/Contents/MonoBleedingEdge/etc'
Using monoOptions --debugger-agent=transport=dt_socket,embedding=1,server=y,suspend=n,address=127.0.0.1:56692
Begin MonoManager ReloadAssembly
Registering precompiled unity dll's ...
Register platform support module: /Applications/Unity/Hub/Editor/2020.3.26f1/Unity.app/Contents/PlaybackEngines/MacStandaloneSupport/UnityEditor.OSXStandalone.Extensions.dll
Register platform support module: /Applications/Unity/Hub/Editor/2020.3.26f1/PlaybackEngines/WindowsStandaloneSupport/UnityEditor.WindowsStandalone.Extensions.dll
Registered in 0.000538 seconds.
Native extension for WindowsStandalone target not found
Native extension for OSXStandalone target not found
Refreshing native plugins compatible for Editor in 38.32 ms, found 3 plugins.
Preloading 0 native plugins for Editor in 0.00 ms.
Mono: successfully reloaded assembly
- Completed reload, in  0.575 seconds
Domain Reload Profiling:
	ReloadAssembly (575ms)
		BeginReloadAssembly (43ms)
			ExecutionOrderSort (0ms)
			DisableScriptedObjects (0ms)
			BackupInstance (0ms)
			ReleaseScriptingObjects (0ms)
			CreateAndSetChildDomain (1ms)
		EndReloadAssembly (459ms)
			LoadAssemblies (42ms)
			RebuildTransferFunctionScriptingTraits (0ms)
			SetupTypeCache (167ms)
			ReleaseScriptCaches (0ms)
			RebuildScriptCaches (37ms)
			SetupLoadedEditorAssemblies (174ms)
				LogAssemblyErrors (0ms)
				InitializePlatformSupportModulesInManaged (4ms)
				SetLoadedEditorAssemblies (0ms)
				RefreshPlugins (38ms)
				BeforeProcessingInitializeOnLoad (10ms)
				ProcessInitializeOnLoadAttributes (93ms)
				ProcessInitializeOnLoadMethodAttributes (28ms)
				AfterProcessingInitializeOnLoad (0ms)
				EditorAssembliesLoaded (0ms)
			ExecutionOrderSort2 (0ms)
			AwakeInstancesAfterBackupRestoration (0ms)
Platform modules already initialized, skipping
Registering precompiled user dll's ...
Registered in 0.001836 seconds.
Begin MonoManager ReloadAssembly
Native extension for WindowsStandalone target not found
Native extension for OSXStandalone target not found
Refreshing native plugins compatible for Editor in 40.04 ms, found 3 plugins.
Preloading 0 native plugins for Editor in 0.00 ms.
Mono: successfully reloaded assembly
- Completed reload, in  1.225 seconds
Domain Reload Profiling:
	ReloadAssembly (1226ms)
		BeginReloadAssembly (159ms)
			ExecutionOrderSort (0ms)
			DisableScriptedObjects (5ms)
			BackupInstance (0ms)
			ReleaseScriptingObjects (0ms)
			CreateAndSetChildDomain (33ms)
		EndReloadAssembly (1000ms)
			LoadAssemblies (76ms)
			RebuildTransferFunctionScriptingTraits (0ms)
			SetupTypeCache (385ms)
			ReleaseScriptCaches (0ms)
			RebuildScriptCaches (55ms)
			SetupLoadedEditorAssemblies (362ms)
				LogAssemblyErrors (0ms)
				InitializePlatformSupportModulesInManaged (4ms)
				SetLoadedEditorAssemblies (0ms)
				RefreshPlugins (40ms)
				BeforeProcessingInitializeOnLoad (68ms)
				ProcessInitializeOnLoadAttributes (233ms)
				ProcessInitializeOnLoadMethodAttributes (16ms)
				AfterProcessingInitializeOnLoad (1ms)
				EditorAssembliesLoaded (0ms)
			ExecutionOrderSort2 (0ms)
			AwakeInstancesAfterBackupRestoration (6ms)
Platform modules already initialized, skipping
Validating Project structure ... 0.001268 seconds.
Shader import version has changed; will reimport all shaders...
Upgrading shader files ...0.001800 seconds.
Application.AssetDatabase Initial Script Refresh Start
RefreshInfo: InitialScriptRefreshV2(NoUpdateAssetOptions) scanfilter:  ... 1 filters
RefreshProfiler: Total: 0.000ms
Application.AssetDatabase Initial Script Refresh End
Application.AssetDatabase.Refresh Start
Application.AssetDatabase.Refresh End
RefreshInfo: StopAssetImportingV2(ForceSynchronousImport) scanfilter: 
RefreshProfiler: Total: 0.000ms
Launching external process: /Applications/Unity/Hub/Editor/2020.3.26f1/Unity.app/Contents/Tools/UnityShaderCompiler
Launched and connected shader compiler UnityShaderCompiler after 0.01 seconds
Initializing Unity extensions:
========================================================================
Worker process is ready to serve import requests
Refreshing native plugins compatible for Editor in 0.31 ms, found 3 plugins.
Preloading 0 native plugins for Editor in 0.00 ms.
Unloading 2236 Unused Serialized files (Serialized files now loaded: 0)
System memory in use before: 196.1 MB.
System memory in use after: 195.3 MB.

Unloading 131 unused Assets to reduce memory usage. Loaded Objects now: 2708.
Total: 3.311484 ms (FindLiveObjects: 0.153534 ms CreateObjectMapping: 0.070438 ms MarkObjects: 2.621390 ms  DeleteObjects: 0.465488 ms)

AssetImportParameters requested are different than current active one (requested -> active):
  custom:video-decoder-ogg-theora: a1e56fd34408186e4bbccfd4996cb3dc -> 
  custom:container-muxer-webm: aa71ff27fc2769a1b78a27578f13a17b -> 
  custom:container-demuxer-webm: 4f35f7cbe854078d1ac9338744f61a02 -> 
  custom:container-demuxer-ogg: 62fdf1f143b41e24485cea50d1cbac27 -> 
  custom:video-encoder-webm-vp8: eb34c28f22e8b96e1ab97ce403110664 -> 
  custom:framework-osx-AVFoundation: b23960f63f64bdc6ff669e2cdcee2391 -> 
  custom:video-decoder-webm-vp8: 9c59270c3fd7afecdb556c50c9e8de78 -> 
  custom:audio-decoder-ogg-vorbis: bf7c407c2cedff20999df2af8eb42d56 -> 
  custom:audio-encoder-webm-vorbis: bf7c407c2cedff20999df2af8eb42d56 -> 
========================================================================
Received Import Request.
  path: Assets/Main/Scenes/Menu.unity
  artifactKey: Guid(ca0b914d8c12b486a83fd4c826e8b102) Importer(815301076,1909f56bfc062723c751e8b465ee728b)
Start importing Assets/Main/Scenes/Menu.unity using Guid(ca0b914d8c12b486a83fd4c826e8b102) Importer(815301076,1909f56bfc062723c751e8b465ee728b)  -> (artifact id: '6778433db9ee0bb23b603c4a91613dd8') in 0.011483 seconds 
  Import took 0.014863 seconds .

========================================================================
Received Import Request.
  Time since last request: 0.422646 seconds.
  path: Assets/Main/Sprites/9a9d29b3a7d23b1c.png
  artifactKey: Guid(f42c6d60d46fe4d9b89b67ee3070db26) Importer(815301076,1909f56bfc062723c751e8b465ee728b)
Start importing Assets/Main/Sprites/9a9d29b3a7d23b1c.png using Guid(f42c6d60d46fe4d9b89b67ee3070db26) Importer(815301076,1909f56bfc062723c751e8b465ee728b)  -> (artifact id: '86a6fd5c30b43f159133e3981efce118') in 0.501501 seconds 
  Import took 0.507264 seconds .

========================================================================
Received Import Request.
  Time since last request: 0.000159 seconds.
  path: Assets/Main/Sprites/GamePlay.png
  artifactKey: Guid(c55788fd14c704f18adef9f7823870ae) Importer(815301076,1909f56bfc062723c751e8b465ee728b)
Start importing Assets/Main/Sprites/GamePlay.png using Guid(c55788fd14c704f18adef9f7823870ae) Importer(815301076,1909f56bfc062723c751e8b465ee728b)  -> (artifact id: '8c652e96e218f5976bd44d580ac73d64') in 0.042663 seconds 
  Import took 0.045640 seconds .

========================================================================
Received Import Request.
  Time since last request: 0.000166 seconds.
  path: Assets/Main/Sprites/background.png
  artifactKey: Guid(e1e34fe29092143d5ad02899f9d520e5) Importer(815301076,1909f56bfc062723c751e8b465ee728b)
Start importing Assets/Main/Sprites/background.png using Guid(e1e34fe29092143d5ad02899f9d520e5) Importer(815301076,1909f56bfc062723c751e8b465ee728b)  -> (artifact id: 'fa9f1bd9d0a3f167258d469d57805815') in 0.014020 seconds 
  Import took 0.016893 seconds .

========================================================================
Received Import Request.
  Time since last request: 0.000161 seconds.
  path: Assets/Main/Sprites/Интерфейс.png
  artifactKey: Guid(a7dd40da8785245d29433d29f57d2559) Importer(815301076,1909f56bfc062723c751e8b465ee728b)
Start importing Assets/Main/Sprites/Интерфейс.png using Guid(a7dd40da8785245d29433d29f57d2559) Importer(815301076,1909f56bfc062723c751e8b465ee728b)  -> (artifact id: '7dfeed6258055752b4b241aa6b4a3629') in 0.061935 seconds 
  Import took 0.064602 seconds .

========================================================================
Received Import Request.
  Time since last request: 0.000147 seconds.
  path: Assets/Main/Sprites/Jetpack.png
  artifactKey: Guid(f3668f0452e924aaf87128407428471c) Importer(815301076,1909f56bfc062723c751e8b465ee728b)
Start importing Assets/Main/Sprites/Jetpack.png using Guid(f3668f0452e924aaf87128407428471c) Importer(815301076,1909f56bfc062723c751e8b465ee728b)  -> (artifact id: '9eb484bfb17b48427c9392e083f62fb0') in 0.010143 seconds 
  Import took 0.012933 seconds .

========================================================================
Received Import Request.
  Time since last request: 0.000142 seconds.
  path: Assets/Main/Sprites/Block.png
  artifactKey: Guid(4f7fa37e6050e454c946ec87b3b4baed) Importer(815301076,1909f56bfc062723c751e8b465ee728b)
Start importing Assets/Main/Sprites/Block.png using Guid(4f7fa37e6050e454c946ec87b3b4baed) Importer(815301076,1909f56bfc062723c751e8b465ee728b)  -> (artifact id: 'eded0e03ed168e20aa3577fbd5e70812') in 0.011186 seconds 
  Import took 0.014039 seconds .

========================================================================
Received Import Request.
  Time since last request: 0.000151 seconds.
  path: Assets/Main/Sprites/PUSAB.otf
  artifactKey: Guid(7cb6e20f9927d4e0d835d72a843c2a3c) Importer(815301076,1909f56bfc062723c751e8b465ee728b)
Start importing Assets/Main/Sprites/PUSAB.otf using Guid(7cb6e20f9927d4e0d835d72a843c2a3c) Importer(815301076,1909f56bfc062723c751e8b465ee728b)  -> (artifact id: '3cf1ccfaca4515ba2bcc62b27fdbef0c') in 0.457324 seconds 
  Import took 0.462596 seconds .

========================================================================
Received Import Request.
  Time since last request: 0.000232 seconds.
  path: Assets/Main/Sprites/логотип2.png
  artifactKey: Guid(dfb365a2c244c47aa826a7c476144233) Importer(815301076,1909f56bfc062723c751e8b465ee728b)
Start importing Assets/Main/Sprites/логотип2.png using Guid(dfb365a2c244c47aa826a7c476144233) Importer(815301076,1909f56bfc062723c751e8b465ee728b)  -> (artifact id: '0e66070b00182991966933766614c06e') in 0.029813 seconds 
  Import took 0.033499 seconds .

========================================================================
Received Import Request.
  Time since last request: 0.000177 seconds.
  path: Assets/Main/Sprites/Player.png
  artifactKey: Guid(23b7834ffb74c4686bcfff523384a21b) Importer(815301076,1909f56bfc062723c751e8b465ee728b)
Start importing Assets/Main/Sprites/Player.png using Guid(23b7834ffb74c4686bcfff523384a21b) Importer(815301076,1909f56bfc062723c751e8b465ee728b)  -> (artifact id: '143a3193bfa659744b04b91945ef26b3') in 0.015183 seconds 
  Import took 0.018345 seconds .

========================================================================
Received Prepare
Registering precompiled user dll's ...
Registered in 0.002215 seconds.
Begin MonoManager ReloadAssembly
Native extension for WindowsStandalone target not found
Native extension for OSXStandalone target not found
Refreshing native plugins compatible for Editor in 0.44 ms, found 3 plugins.
Preloading 0 native plugins for Editor in 0.00 ms.
Mono: successfully reloaded assembly
- Completed reload, in  1.147 seconds
Domain Reload Profiling:
	ReloadAssembly (1147ms)
		BeginReloadAssembly (137ms)
			ExecutionOrderSort (0ms)
			DisableScriptedObjects (7ms)
			BackupInstance (0ms)
			ReleaseScriptingObjects (0ms)
			CreateAndSetChildDomain (66ms)
		EndReloadAssembly (939ms)
			LoadAssemblies (81ms)
			RebuildTransferFunctionScriptingTraits (0ms)
			SetupTypeCache (352ms)
			ReleaseScriptCaches (1ms)
			RebuildScriptCaches (58ms)
			SetupLoadedEditorAssemblies (328ms)
				LogAssemblyErrors (0ms)
				InitializePlatformSupportModulesInManaged (4ms)
				SetLoadedEditorAssemblies (1ms)
				RefreshPlugins (0ms)
				BeforeProcessingInitializeOnLoad (113ms)
				ProcessInitializeOnLoadAttributes (197ms)
				ProcessInitializeOnLoadMethodAttributes (11ms)
				AfterProcessingInitializeOnLoad (1ms)
				EditorAssembliesLoaded (0ms)
			ExecutionOrderSort2 (0ms)
			AwakeInstancesAfterBackupRestoration (9ms)
Platform modules already initialized, skipping
Switching build target platform(2) subTarget(0) extendedPlatform(0) -> platform(13) subTarget(537395200) extendedPlatform(0)
Refreshing native plugins compatible for Editor in 0.53 ms, found 3 plugins.
Preloading 0 native plugins for Editor in 0.00 ms.
Unloading 2228 Unused Serialized files (Serialized files now loaded: 0)
System memory in use before: 202.4 MB.
System memory in use after: 202.6 MB.

Unloading 21 unused Assets to reduce memory usage. Loaded Objects now: 2776.
Total: 2.605650 ms (FindLiveObjects: 0.153432 ms CreateObjectMapping: 0.074176 ms MarkObjects: 2.365358 ms  DeleteObjects: 0.012096 ms)

AssetImportParameters requested are different than current active one (requested -> active):
  custom:video-decoder-ogg-theora: a1e56fd34408186e4bbccfd4996cb3dc -> 
  custom:container-muxer-webm: aa71ff27fc2769a1b78a27578f13a17b -> 
  custom:container-demuxer-webm: 4f35f7cbe854078d1ac9338744f61a02 -> 
  custom:container-demuxer-ogg: 62fdf1f143b41e24485cea50d1cbac27 -> 
  custom:video-encoder-webm-vp8: eb34c28f22e8b96e1ab97ce403110664 -> 
  custom:framework-osx-AVFoundation: b23960f63f64bdc6ff669e2cdcee2391 -> 
  custom:video-decoder-webm-vp8: 9c59270c3fd7afecdb556c50c9e8de78 -> 
  custom:graphics/normal-map-encoding: 01000000000000000000000000000000 -> 02000000000000000000000000000000
  custom:audio-decoder-ogg-vorbis: bf7c407c2cedff20999df2af8eb42d56 -> 
  custom:audio-encoder-webm-vorbis: bf7c407c2cedff20999df2af8eb42d56 -> 
========================================================================
Received Prepare
Refreshing native plugins compatible for Editor in 2.64 ms, found 3 plugins.
Preloading 0 native plugins for Editor in 0.00 ms.
Unloading 18 Unused Serialized files (Serialized files now loaded: 0)
System memory in use before: 158.7 MB.
System memory in use after: 158.9 MB.

Unloading 18 unused Assets to reduce memory usage. Loaded Objects now: 2776.
Total: 3.487043 ms (FindLiveObjects: 0.153331 ms CreateObjectMapping: 0.075727 ms MarkObjects: 3.237808 ms  DeleteObjects: 0.019336 ms)

AssetImportParameters requested are different than current active one (requested -> active):
  custom:video-decoder-ogg-theora: a1e56fd34408186e4bbccfd4996cb3dc -> 
  custom:container-muxer-webm: aa71ff27fc2769a1b78a27578f13a17b -> 
  custom:container-demuxer-webm: 4f35f7cbe854078d1ac9338744f61a02 -> 
  custom:container-demuxer-ogg: 62fdf1f143b41e24485cea50d1cbac27 -> 
  custom:video-encoder-webm-vp8: eb34c28f22e8b96e1ab97ce403110664 -> 
  custom:framework-osx-AVFoundation: b23960f63f64bdc6ff669e2cdcee2391 -> 
  custom:video-decoder-webm-vp8: 9c59270c3fd7afecdb556c50c9e8de78 -> 
  custom:audio-decoder-ogg-vorbis: bf7c407c2cedff20999df2af8eb42d56 -> 
  custom:audio-encoder-webm-vorbis: bf7c407c2cedff20999df2af8eb42d56 -> 
========================================================================
Received Import Request.
  Time since last request: 149.014148 seconds.
  path: Assets/Main/Sprites/логотип2.png
  artifactKey: Guid(dfb365a2c244c47aa826a7c476144233) Importer(815301076,1909f56bfc062723c751e8b465ee728b)
Start importing Assets/Main/Sprites/логотип2.png using Guid(dfb365a2c244c47aa826a7c476144233) Importer(815301076,1909f56bfc062723c751e8b465ee728b)  -> (artifact id: 'da73dc9d9340580a2f998f4563403a01') in 0.063513 seconds 
  Import took 0.066856 seconds .

========================================================================
Received Import Request.
  Time since last request: 37.929794 seconds.
  path: Assets/Main/Scenes/CustomLevel.unity
  artifactKey: Guid(aba8cf882587a4561b2d48d7070adbce) Importer(815301076,1909f56bfc062723c751e8b465ee728b)
Start importing Assets/Main/Scenes/CustomLevel.unity using Guid(aba8cf882587a4561b2d48d7070adbce) Importer(815301076,1909f56bfc062723c751e8b465ee728b)  -> (artifact id: '84a0dec311ebd38b1f0975cf94a8430b') in 0.001883 seconds 
  Import took 0.004959 seconds .

========================================================================
Received Prepare
Registering precompiled user dll's ...
Registered in 0.002112 seconds.
Begin MonoManager ReloadAssembly
Native extension for WindowsStandalone target not found
Native extension for OSXStandalone target not found
Refreshing native plugins compatible for Editor in 0.43 ms, found 3 plugins.
Preloading 0 native plugins for Editor in 0.00 ms.
Mono: successfully reloaded assembly
- Completed reload, in  1.104 seconds
Domain Reload Profiling:
	ReloadAssembly (1105ms)
		BeginReloadAssembly (133ms)
			ExecutionOrderSort (0ms)
			DisableScriptedObjects (6ms)
			BackupInstance (0ms)
			ReleaseScriptingObjects (0ms)
			CreateAndSetChildDomain (67ms)
		EndReloadAssembly (910ms)
			LoadAssemblies (75ms)
			RebuildTransferFunctionScriptingTraits (0ms)
			SetupTypeCache (334ms)
			ReleaseScriptCaches (1ms)
			RebuildScriptCaches (54ms)
			SetupLoadedEditorAssemblies (325ms)
				LogAssemblyErrors (0ms)
				InitializePlatformSupportModulesInManaged (4ms)
				SetLoadedEditorAssemblies (0ms)
				RefreshPlugins (0ms)
				BeforeProcessingInitializeOnLoad (110ms)
				ProcessInitializeOnLoadAttributes (199ms)
				ProcessInitializeOnLoadMethodAttributes (11ms)
				AfterProcessingInitializeOnLoad (1ms)
				EditorAssembliesLoaded (0ms)
			ExecutionOrderSort2 (0ms)
			AwakeInstancesAfterBackupRestoration (9ms)
Platform modules already initialized, skipping
Switching build target platform(2) subTarget(0) extendedPlatform(0) -> platform(13) subTarget(537395200) extendedPlatform(0)
Refreshing native plugins compatible for Editor in 0.45 ms, found 3 plugins.
Preloading 0 native plugins for Editor in 0.00 ms.
Unloading 2228 Unused Serialized files (Serialized files now loaded: 0)
System memory in use before: 202.6 MB.
System memory in use after: 202.8 MB.

Unloading 20 unused Assets to reduce memory usage. Loaded Objects now: 2779.
Total: 4.478535 ms (FindLiveObjects: 0.253382 ms CreateObjectMapping: 0.143131 ms MarkObjects: 4.060895 ms  DeleteObjects: 0.019798 ms)

AssetImportParameters requested are different than current active one (requested -> active):
  custom:video-decoder-ogg-theora: a1e56fd34408186e4bbccfd4996cb3dc -> 
  custom:container-muxer-webm: aa71ff27fc2769a1b78a27578f13a17b -> 
  custom:container-demuxer-webm: 4f35f7cbe854078d1ac9338744f61a02 -> 
  custom:container-demuxer-ogg: 62fdf1f143b41e24485cea50d1cbac27 -> 
  custom:video-encoder-webm-vp8: eb34c28f22e8b96e1ab97ce403110664 -> 
  custom:framework-osx-AVFoundation: b23960f63f64bdc6ff669e2cdcee2391 -> 
  custom:video-decoder-webm-vp8: 9c59270c3fd7afecdb556c50c9e8de78 -> 
  custom:graphics/normal-map-encoding: 01000000000000000000000000000000 -> 02000000000000000000000000000000
  custom:audio-decoder-ogg-vorbis: bf7c407c2cedff20999df2af8eb42d56 -> 
  custom:audio-encoder-webm-vorbis: bf7c407c2cedff20999df2af8eb42d56 -> 
AssetImportWorkerClient::OnTransportError - code=2 error=End of file
